building ...

=== (a) train_start sweep (8-member, best_it=290) ===
[ts2023-02   ] n=12  VAL MAE=1537.80  R2=0.9476  Bias=-218
[ts2024-01   ] n=12  VAL MAE=1534.15  R2=0.9476  Bias=-170
[ts2024-06   ] n=12  VAL MAE=1594.33  R2=0.9450  Bias=-11
[ts2025-01   ] n=12  VAL MAE=1715.01  R2=0.9399  Bias=190
[ts2025-06   ] n=12  VAL MAE=2006.05  R2=0.9125  Bias=575
[ts2025-09   ] n=12  VAL MAE=2105.36  R2=0.9030  Bias=1221

=== (b) day-level error analysis ===
worst 12 days:
      date     day_mae     day_bias  dow  is_holiday       actual
2026-04-13 4623.423731  3806.889035    0           0 60497.585729
2026-05-17 4409.192778  3825.616827    6           0 60708.985208
2026-03-03 4382.464429 -4382.464429    1           0 69489.368542
2026-03-04 3940.084637 -3528.353862    2           0 72548.192604
2026-02-09 3633.787638  3633.787638    0           0 68210.431667
2026-02-01 3130.268490 -2618.441818    6           0 72679.594375
2026-03-01 3121.553832 -3080.289840    6           0 70209.401875
2026-03-02 2814.068410 -2399.644927    0           0 72934.725625
2026-02-12 2809.997398  2809.997398    3           0 55979.123229
2026-02-11 2580.629274  2562.600780    2           0 59653.828958
2026-05-05 2465.538035 -1791.176997    1           1 56035.445729
2026-05-15 2385.373492 -1950.405057    4           0 62926.303437

best 6 days:
      date    day_mae    day_bias  dow  is_holiday       actual
2026-04-15 624.116232 -270.644168    2           0 60341.973229
2026-04-21 607.599748   65.979792    1           0 66787.286458
2026-03-20 585.930784 -179.960550    4           0 63339.088854
2026-05-08 577.962652 -217.387360    4           0 56716.995208
2026-04-01 505.417723   18.792992    2           0 61073.155000
2026-04-14 498.519616  104.127884    1           0 60452.704583

by dow:
       mean  count
dow               
0    1895.0     16
1    1589.0     16
2    1382.0     15
3    1550.0     15
4    1339.0     15
5    1209.0     15
6    1777.0     16

by holiday:
              mean  count
is_holiday               
0           1559.0     92
1           1432.0     16

by month (MAE):
month
2026-02    1534.0
2026-03    1589.0
2026-04    1412.0
2026-05    1663.0
