building ...

[cur+med] best_it=261 n_members=20
  mean  ”╦=1.0 : 1531.12
  median ”╦=1.0 : 1536.35
  median ”╦=0.7: 1534.84
  median ”╦=0.75: 1532.48
  median ”╦=0.8: 1531.16
  median ”╦=0.85: 1530.77
  median ”╦=0.9: 1531.46
  >> BEST median ”╦=0.85 MAE=1530.77

[cur_q3_aw25] best_it=251 n_members=40
  mean  ”╦=1.0 : 1526.11
  median ”╦=1.0 : 1528.25
  median ”╦=0.7: 1529.78
  median ”╦=0.75: 1526.94
  median ”╦=0.8: 1525.12
  median ”╦=0.85: 1524.32
  median ”╦=0.9: 1524.55
  >> BEST median ”╦=0.85 MAE=1524.32

[ts2024_q3_aw25] best_it=252 n_members=40
  mean  ”╦=1.0 : 1538.69
  median ”╦=1.0 : 1531.08
  median ”╦=0.7: 1527.77
  median ”╦=0.75: 1525.36
  median ”╦=0.8: 1524.11
  median ”╦=0.85: 1524.27
  median ”╦=0.9: 1525.61
  >> BEST median ”╦=0.8 MAE=1524.11

=== SUMMARY ===
  cur+med         : 1530.77  FAIL
  cur_q3_aw25     : 1524.32  FAIL
  ts2024_q3_aw25  : 1524.11  FAIL
