building ...
training baseline (tree) ...
[tree baseline] VAL MAE=1569.48
training linear_tree ...
[linear_tree ¦Ë0.8] VAL MAE=1610.28
[linear_tree ¦Ë0.5] VAL MAE=1615.18
[linear_tree ¦Ë0.6] VAL MAE=1611.61
[linear_tree ¦Ë0.7] VAL MAE=1610.14
[linear_tree ¦Ë0.9] VAL MAE=1612.16
[linear_tree ¦Ë1.0] VAL MAE=1615.65
  mo=3: tree=1606.76 lin=1659.87 lin_bias=-363
  mo=4: tree=1420.95 lin=1473.57 lin_bias=-98
  mo=5: tree=1598.02 lin=1659.18 lin_bias=418
  mo=6: tree=1730.54 lin=1680.17 lin_bias=120
[blend lin0.3+tree0.7] VAL MAE=1572.90
[blend lin0.5+tree0.5] VAL MAE=1579.20
[blend lin0.7+tree0.3] VAL MAE=1589.14

== per-(hour,dow) on tree baseline ==
[+ per-hour] VAL MAE=1563.25
[+ per-(h,dow)] VAL MAE=1566.10
[+ per-(h,weekend)] VAL MAE=1561.70
