building ...
== (a) mean actual load by (year, month) ==
yr     2023     2024     2025     2026
mo                                    
1       NaN  68052.0  63309.0  75269.0
2   61740.0  55055.0  62339.0  58302.0
3   57313.0  59374.0  61641.0  65698.0
4   54456.0  55931.0  56164.0  60189.0
5   53742.0  55681.0  55718.0  60569.0
6   60430.0  65533.0  64692.0  62695.0
7   70104.0  70089.0  80925.0      NaN
8   69084.0  76887.0  81400.0      NaN
9   61534.0  63746.0  65756.0      NaN
10  55625.0  56586.0  63288.0      NaN
11  61079.0  62447.0  65296.0      NaN
12  68529.0  69271.0  72520.0      NaN

mean pred_load by (year, month):
yr     2023     2024     2025     2026
mo                                    
1       NaN  68626.0  62854.0  74556.0
2   61759.0  55297.0  62141.0  58327.0
3   57702.0  59455.0  61793.0  65572.0
4   54556.0  55909.0  56389.0  60122.0
5   53631.0  54891.0  55543.0  61012.0
6   60324.0  65458.0  65283.0  62852.0
7   70876.0  70893.0  81026.0      NaN
8   70706.0  77869.0  81886.0      NaN
9   61137.0  63769.0  65613.0      NaN
10  55491.0  56517.0  63170.0      NaN
11  60772.0  62284.0  65443.0      NaN
12  68929.0  68987.0  73419.0      NaN

training full ensemble ...
computing 3-fold OOF ...

== (b) MAE-optimal per-month ”╦ ==
  mo=3: oracle MAE-”╦=0.50 MAE=1600.06
  mo=4: oracle MAE-”╦=0.75 MAE=1420.87
  mo=5: oracle MAE-”╦=1.10 MAE=1586.01
  mo=6: oracle MAE-”╦=1.00 MAE=1726.25
[oracle per-month MAE-”╦] VAL MAE=1563.44
[OOF per-month MAE-”╦] VAL MAE=1593.49
  mo=3: OOF ”╦=0.45 oracle ”╦=0.50 MAE=1600.62
  mo=4: OOF ”╦=0.25 oracle ”╦=0.75 MAE=1463.95
  mo=5: OOF ”╦=0.45 oracle ”╦=1.10 MAE=1645.40
  mo=6: OOF ”╦=0.80 oracle ”╦=1.00 MAE=1730.54
[OOF per-month MAE-”╦ + per-hour corr] VAL MAE=1581.20

== continuous ”╦(pred_load level) ==
  OOF sign-agree rate = 0.589
  pl[16990,54889): n=4590 agree=0.564 pl_bias=-411 ens_bias=569
  pl[54889,60002): n=4589 agree=0.579 pl_bias=78 ens_bias=94
  pl[60002,65470): n=4589 agree=0.604 pl_bias=126 ens_bias=35
  pl[65470,71133): n=4589 agree=0.615 pl_bias=-204 ens_bias=-417
  pl[71133,95269): n=4589 agree=0.581 pl_bias=-28 ens_bias=-931
