E:\01\python\SdPproject\load_prediction\load_pred\features.py:332: PerformanceWarning: DataFrame is highly fragmented.  This is usually the result of calling `frame.insert` many times, which has poor performance.  Consider joining all columns at once using pd.concat(axis=1) instead. To get a de-fragmented frame, use `newframe = frame.copy()`
  X["clearness_x_midday"] = clearness * is_midday
E:\01\python\SdPproject\load_prediction\load_pred\features.py:342: PerformanceWarning: DataFrame is highly fragmented.  This is usually the result of calling `frame.insert` many times, which has poor performance.  Consider joining all columns at once using pd.concat(axis=1) instead. To get a de-fragmented frame, use `newframe = frame.copy()`
  X["pl_dip_96"] = pl_dip_96
E:\01\python\SdPproject\load_prediction\load_pred\features.py:343: PerformanceWarning: DataFrame is highly fragmented.  This is usually the result of calling `frame.insert` many times, which has poor performance.  Consider joining all columns at once using pd.concat(axis=1) instead. To get a de-fragmented frame, use `newframe = frame.copy()`
  X["irrad_anom_672"] = irrad_anom_672
E:\01\python\SdPproject\load_prediction\load_pred\features.py:344: PerformanceWarning: DataFrame is highly fragmented.  This is usually the result of calling `frame.insert` many times, which has poor performance.  Consider joining all columns at once using pd.concat(axis=1) instead. To get a de-fragmented frame, use `newframe = frame.copy()`
  X["pl_dip_x_irrad"] = pl_dip_96 * wth["irrad"].values
E:\01\python\SdPproject\load_prediction\load_pred\features.py:345: PerformanceWarning: DataFrame is highly fragmented.  This is usually the result of calling `frame.insert` many times, which has poor performance.  Consider joining all columns at once using pd.concat(axis=1) instead. To get a de-fragmented frame, use `newframe = frame.copy()`
  X["pl_dip_x_clearness"] = pl_dip_96 * clearness
E:\01\python\SdPproject\load_prediction\load_pred\features.py:346: PerformanceWarning: DataFrame is highly fragmented.  This is usually the result of calling `frame.insert` many times, which has poor performance.  Consider joining all columns at once using pd.concat(axis=1) instead. To get a de-fragmented frame, use `newframe = frame.copy()`
  X["pl_dip_x_midday"] = pl_dip_96 * is_midday
E:\01\python\SdPproject\load_prediction\load_pred\features.py:347: PerformanceWarning: DataFrame is highly fragmented.  This is usually the result of calling `frame.insert` many times, which has poor performance.  Consider joining all columns at once using pd.concat(axis=1) instead. To get a de-fragmented frame, use `newframe = frame.copy()`
  X["pl_x_irrad_anom"] = pl * irrad_anom_672
E:\01\python\SdPproject\load_prediction\load_pred\features.py:348: PerformanceWarning: DataFrame is highly fragmented.  This is usually the result of calling `frame.insert` many times, which has poor performance.  Consider joining all columns at once using pd.concat(axis=1) instead. To get a de-fragmented frame, use `newframe = frame.copy()`
  X["irrad_anom_x_midday"] = irrad_anom_672 * is_midday
E:\01\python\SdPproject\load_prediction\load_pred\features.py:349: PerformanceWarning: DataFrame is highly fragmented.  This is usually the result of calling `frame.insert` many times, which has poor performance.  Consider joining all columns at once using pd.concat(axis=1) instead. To get a de-fragmented frame, use `newframe = frame.copy()`
  X["pl_dip_x_clear_sky"] = pl_dip_96 * clear_sky
E:\01\python\SdPproject\load_prediction\load_pred\features.py:350: PerformanceWarning: DataFrame is highly fragmented.  This is usually the result of calling `frame.insert` many times, which has poor performance.  Consider joining all columns at once using pd.concat(axis=1) instead. To get a de-fragmented frame, use `newframe = frame.copy()`
  X["pl_dip_ratio"] = pl_dip_96 / (clear_sky + 1.0)
      集成成员数: 40
      集成成员数: 40
      集成成员数: 40
      集成成员数: 40
      OOF 点数=22947  hour_bias 范围=[-835, 682]
      drift_corr[pl_weather_residual] 午间β=[(11, np.float64(-0.0869)), (12, np.float64(-0.092)), (13, np.float64(-0.0729)), (14, np.float64(-0.0639))]
      threshold_corr[clearness>0.8, h[11, 12, 13, 14]] n=1152 shift=+1089.0
      threshold_corr[precip>0.0, 全天] n=6780 shift=-266.2
基线(生产, 含现有 threshold_corr) = 1493.66
      集成成员数: 40
      集成成员数: 40
      集成成员数: 40
候选数: 192
  [贪心 0] +temp<=13.86@全天  shift=-217.5 n_v=3782  Δ=-13.79  累计MAE=1479.87
  [贪心 1] +irrad<=395.44@9-15  shift=-869.0 n_v=560  Δ=-10.13  累计MAE=1469.74
  [贪心 2] +pl>72539.06@11-14  shift=-3399.4 n_v=150  Δ=-2.11  累计MAE=1467.63
  [贪心 3] +precip>0.00@8-20  shift=+277.4 n_v=2484  Δ=-3.49  累计MAE=1464.14
  [贪心 4] +temp<=13.86@9-15  shift=+303.9 n_v=634  Δ=-1.83  累计MAE=1462.31
  [贪心 5] +wind<=0.00@8-20  shift=-617.2 n_v=104  Δ=-0.67  累计MAE=1461.64
  [贪心 6] +wind>5.68@11-14  shift=+729.0 n_v=685  Δ=-0.59  累计MAE=1461.05
  [贪心 7] +clearness<=0.70@11-14  shift=-173.9 n_v=474  Δ=-0.99  累计MAE=1460.06

=== 最终: 1460.06  (Δ基线 -33.60) ===
已应用:
  ('temp<=13.86@全天', -217.53198978227078, 3782, np.float64(-13.79162371226289))
  ('irrad<=395.44@9-15', -869.0211423112218, 560, np.float64(-10.1257878217682))
  ('pl>72539.06@11-14', -3399.353033731027, 150, np.float64(-2.1070608108661872))
  ('precip>0.00@8-20', 277.3783432139669, 2484, np.float64(-3.4945092644836677))
  ('temp<=13.86@9-15', 303.89042061528227, 634, np.float64(-1.8263951444980648))
  ('wind<=0.00@8-20', -617.2465213605235, 104, np.float64(-0.6674293411899725))
  ('wind>5.68@11-14', 728.9795960708645, 685, np.float64(-0.5936371795328341))
  ('clearness<=0.70@11-14', -173.8558236526694, 474, np.float64(-0.9923908217258486))
