E:\01\python\SdPproject\load_prediction\load_pred\features.py:332: PerformanceWarning: DataFrame is highly fragmented.  This is usually the result of calling `frame.insert` many times, which has poor performance.  Consider joining all columns at once using pd.concat(axis=1) instead. To get a de-fragmented frame, use `newframe = frame.copy()`
  X["clearness_x_midday"] = clearness * is_midday
E:\01\python\SdPproject\load_prediction\load_pred\features.py:342: PerformanceWarning: DataFrame is highly fragmented.  This is usually the result of calling `frame.insert` many times, which has poor performance.  Consider joining all columns at once using pd.concat(axis=1) instead. To get a de-fragmented frame, use `newframe = frame.copy()`
  X["pl_dip_96"] = pl_dip_96
E:\01\python\SdPproject\load_prediction\load_pred\features.py:343: PerformanceWarning: DataFrame is highly fragmented.  This is usually the result of calling `frame.insert` many times, which has poor performance.  Consider joining all columns at once using pd.concat(axis=1) instead. To get a de-fragmented frame, use `newframe = frame.copy()`
  X["irrad_anom_672"] = irrad_anom_672
E:\01\python\SdPproject\load_prediction\load_pred\features.py:344: PerformanceWarning: DataFrame is highly fragmented.  This is usually the result of calling `frame.insert` many times, which has poor performance.  Consider joining all columns at once using pd.concat(axis=1) instead. To get a de-fragmented frame, use `newframe = frame.copy()`
  X["pl_dip_x_irrad"] = pl_dip_96 * wth["irrad"].values
E:\01\python\SdPproject\load_prediction\load_pred\features.py:345: PerformanceWarning: DataFrame is highly fragmented.  This is usually the result of calling `frame.insert` many times, which has poor performance.  Consider joining all columns at once using pd.concat(axis=1) instead. To get a de-fragmented frame, use `newframe = frame.copy()`
  X["pl_dip_x_clearness"] = pl_dip_96 * clearness
E:\01\python\SdPproject\load_prediction\load_pred\features.py:346: PerformanceWarning: DataFrame is highly fragmented.  This is usually the result of calling `frame.insert` many times, which has poor performance.  Consider joining all columns at once using pd.concat(axis=1) instead. To get a de-fragmented frame, use `newframe = frame.copy()`
  X["pl_dip_x_midday"] = pl_dip_96 * is_midday
E:\01\python\SdPproject\load_prediction\load_pred\features.py:347: PerformanceWarning: DataFrame is highly fragmented.  This is usually the result of calling `frame.insert` many times, which has poor performance.  Consider joining all columns at once using pd.concat(axis=1) instead. To get a de-fragmented frame, use `newframe = frame.copy()`
  X["pl_x_irrad_anom"] = pl * irrad_anom_672
E:\01\python\SdPproject\load_prediction\load_pred\features.py:348: PerformanceWarning: DataFrame is highly fragmented.  This is usually the result of calling `frame.insert` many times, which has poor performance.  Consider joining all columns at once using pd.concat(axis=1) instead. To get a de-fragmented frame, use `newframe = frame.copy()`
  X["irrad_anom_x_midday"] = irrad_anom_672 * is_midday
E:\01\python\SdPproject\load_prediction\load_pred\features.py:349: PerformanceWarning: DataFrame is highly fragmented.  This is usually the result of calling `frame.insert` many times, which has poor performance.  Consider joining all columns at once using pd.concat(axis=1) instead. To get a de-fragmented frame, use `newframe = frame.copy()`
  X["pl_dip_x_clear_sky"] = pl_dip_96 * clear_sky
E:\01\python\SdPproject\load_prediction\load_pred\features.py:350: PerformanceWarning: DataFrame is highly fragmented.  This is usually the result of calling `frame.insert` many times, which has poor performance.  Consider joining all columns at once using pd.concat(axis=1) instead. To get a de-fragmented frame, use `newframe = frame.copy()`
  X["pl_dip_ratio"] = pl_dip_96 / (clear_sky + 1.0)
      集成成员数: 40
      集成成员数: 40
      集成成员数: 40
      集成成员数: 40
      OOF 点数=22947  hour_bias 范围=[-835, 682]
      drift_corr[pl_weather_residual] 午间β=[(11, np.float64(-0.0869)), (12, np.float64(-0.092)), (13, np.float64(-0.0729)), (14, np.float64(-0.0639))]
      threshold_corr[clearness>0.8, h[11, 12, 13, 14]] n=1152 shift=+1089.0
      threshold_corr[precip>0.0, 全天] n=6780 shift=-266.2
val MAE(含校正) = 1493.66
      集成成员数: 40
      集成成员数: 40
      集成成员数: 40
OOF MAE(含校正, 2025训练期) = 1708.30  (val-OOF 漂移 = -214.6)
Oracle per-day MAE = 1330.46  (日级可校正信号 ≈ 163.2)
Oracle per-(day,hour) MAE = 252.37  (日×时级可校正信号 ≈ 1241.3)
Oracle per-hour MAE = 1474.62  (残余小时偏置 ≈ 19.0)

=== 残差自相关（val，按 lag）===
  lag=  1 (15min): autocorr=+0.975
  lag=  4 (1h): autocorr=+0.892
  lag=  8 (2h): autocorr=+0.733
  lag= 96 (1天): autocorr=+0.329
  lag=192 (2天): autocorr=+0.183
Traceback (most recent call last):
  File "E:\01\python\SdPproject\load_prediction\exp69.py", line 102, in <module>
    main()
    ~~~~^^
  File "E:\01\python\SdPproject\load_prediction\exp69.py", line 86, in main
    persist_corr = t_idx.date.map(day_r_prev)
                   ^^^^^^^^^^^^^^
AttributeError: 'numpy.ndarray' object has no attribute 'map'. Did you mean: 'max'?
