E:\01\python\SdPproject\load_prediction\load_pred\features.py:332: PerformanceWarning: DataFrame is highly fragmented.  This is usually the result of calling `frame.insert` many times, which has poor performance.  Consider joining all columns at once using pd.concat(axis=1) instead. To get a de-fragmented frame, use `newframe = frame.copy()`
  X["clearness_x_midday"] = clearness * is_midday
E:\01\python\SdPproject\load_prediction\load_pred\features.py:342: PerformanceWarning: DataFrame is highly fragmented.  This is usually the result of calling `frame.insert` many times, which has poor performance.  Consider joining all columns at once using pd.concat(axis=1) instead. To get a de-fragmented frame, use `newframe = frame.copy()`
  X["pl_dip_96"] = pl_dip_96
E:\01\python\SdPproject\load_prediction\load_pred\features.py:343: PerformanceWarning: DataFrame is highly fragmented.  This is usually the result of calling `frame.insert` many times, which has poor performance.  Consider joining all columns at once using pd.concat(axis=1) instead. To get a de-fragmented frame, use `newframe = frame.copy()`
  X["irrad_anom_672"] = irrad_anom_672
E:\01\python\SdPproject\load_prediction\load_pred\features.py:344: PerformanceWarning: DataFrame is highly fragmented.  This is usually the result of calling `frame.insert` many times, which has poor performance.  Consider joining all columns at once using pd.concat(axis=1) instead. To get a de-fragmented frame, use `newframe = frame.copy()`
  X["pl_dip_x_irrad"] = pl_dip_96 * wth["irrad"].values
E:\01\python\SdPproject\load_prediction\load_pred\features.py:345: PerformanceWarning: DataFrame is highly fragmented.  This is usually the result of calling `frame.insert` many times, which has poor performance.  Consider joining all columns at once using pd.concat(axis=1) instead. To get a de-fragmented frame, use `newframe = frame.copy()`
  X["pl_dip_x_clearness"] = pl_dip_96 * clearness
E:\01\python\SdPproject\load_prediction\load_pred\features.py:346: PerformanceWarning: DataFrame is highly fragmented.  This is usually the result of calling `frame.insert` many times, which has poor performance.  Consider joining all columns at once using pd.concat(axis=1) instead. To get a de-fragmented frame, use `newframe = frame.copy()`
  X["pl_dip_x_midday"] = pl_dip_96 * is_midday
E:\01\python\SdPproject\load_prediction\load_pred\features.py:347: PerformanceWarning: DataFrame is highly fragmented.  This is usually the result of calling `frame.insert` many times, which has poor performance.  Consider joining all columns at once using pd.concat(axis=1) instead. To get a de-fragmented frame, use `newframe = frame.copy()`
  X["pl_x_irrad_anom"] = pl * irrad_anom_672
E:\01\python\SdPproject\load_prediction\load_pred\features.py:348: PerformanceWarning: DataFrame is highly fragmented.  This is usually the result of calling `frame.insert` many times, which has poor performance.  Consider joining all columns at once using pd.concat(axis=1) instead. To get a de-fragmented frame, use `newframe = frame.copy()`
  X["irrad_anom_x_midday"] = irrad_anom_672 * is_midday
E:\01\python\SdPproject\load_prediction\load_pred\features.py:349: PerformanceWarning: DataFrame is highly fragmented.  This is usually the result of calling `frame.insert` many times, which has poor performance.  Consider joining all columns at once using pd.concat(axis=1) instead. To get a de-fragmented frame, use `newframe = frame.copy()`
  X["pl_dip_x_clear_sky"] = pl_dip_96 * clear_sky
E:\01\python\SdPproject\load_prediction\load_pred\features.py:350: PerformanceWarning: DataFrame is highly fragmented.  This is usually the result of calling `frame.insert` many times, which has poor performance.  Consider joining all columns at once using pd.concat(axis=1) instead. To get a de-fragmented frame, use `newframe = frame.copy()`
  X["pl_dip_ratio"] = pl_dip_96 / (clear_sky + 1.0)
feats=126 train=75840
      集成成员数: 40
      集成成员数: 40
      集成成员数: 40
      集成成员数: 40
      OOF 点数=22947  hour_bias[96维] 范围=[-959, 980]
      drift_corr[pl_weather_residual] 午间β=[(11, np.float64(-0.1025)), (12, np.float64(-0.1118)), (13, np.float64(-0.0894)), (14, np.float64(-0.0806))]
      threshold_corr[clearness>0.8, h[11, 12, 13, 14]] n=1152 shift=+1133.4
      threshold_corr[precip>0.0, 全天] n=6780 shift=-280.4
      threshold_corr[temp<8.0, 全天] n=6954 shift=-519.6
      threshold_corr[clearnessrange[0.2,0.5), h[11, 12, 13, 14]] n=402 shift=-2446.5
(gamma=1.0, delta=0.0)  val MAE=1445.62  Δ=-3.58
      集成成员数: 40
      集成成员数: 40
      集成成员数: 40
      集成成员数: 40
      OOF 点数=22947  hour_bias[96维] 范围=[-917, 1004]
      drift_corr[pl_weather_residual] 午间β=[(11, np.float64(-0.1077)), (12, np.float64(-0.1158)), (13, np.float64(-0.0951)), (14, np.float64(-0.0877))]
      threshold_corr[clearness>0.8, h[11, 12, 13, 14]] n=1152 shift=+1137.2
      threshold_corr[precip>0.0, 全天] n=6780 shift=-246.2
      threshold_corr[temp<8.0, 全天] n=6954 shift=-479.2
      threshold_corr[clearnessrange[0.2,0.5), h[11, 12, 13, 14]] n=402 shift=-2357.3
(gamma=1.5, delta=0.0)  val MAE=1448.28  Δ=-0.92
      集成成员数: 40
      集成成员数: 40
      集成成员数: 40
      集成成员数: 40
      OOF 点数=22947  hour_bias[96维] 范围=[-878, 1102]
      drift_corr[pl_weather_residual] 午间β=[(11, np.float64(-0.1201)), (12, np.float64(-0.1292)), (13, np.float64(-0.1102)), (14, np.float64(-0.1025))]
      threshold_corr[clearness>0.8, h[11, 12, 13, 14]] n=1152 shift=+1197.7
      threshold_corr[precip>0.0, 全天] n=6780 shift=-191.6
      threshold_corr[temp<8.0, 全天] n=6954 shift=-421.3
      threshold_corr[clearnessrange[0.2,0.5), h[11, 12, 13, 14]] n=402 shift=-2316.3
(gamma=2.0, delta=0.0)  val MAE=1452.52  Δ=+3.32
      集成成员数: 40
      集成成员数: 40
      集成成员数: 40
      集成成员数: 40
      OOF 点数=22947  hour_bias[96维] 范围=[-856, 1023]
      drift_corr[pl_weather_residual] 午间β=[(11, np.float64(-0.1117)), (12, np.float64(-0.1169)), (13, np.float64(-0.1026)), (14, np.float64(-0.0988))]
      threshold_corr[clearness>0.8, h[11, 12, 13, 14]] n=1152 shift=+1128.0
      threshold_corr[precip>0.0, 全天] n=6780 shift=-168.1
      threshold_corr[temp<8.0, 全天] n=6954 shift=-393.7
      threshold_corr[clearnessrange[0.2,0.5), h[11, 12, 13, 14]] n=402 shift=-2250.6
(gamma=2.5, delta=0.0)  val MAE=1450.01  Δ=+0.81

baseline (0,0)=1449.20(⑥)。⑤ 若 Δ<0 则联合权重有益。
