E:\01\python\SdPproject\load_prediction\load_pred\features.py:332: PerformanceWarning: DataFrame is highly fragmented.  This is usually the result of calling `frame.insert` many times, which has poor performance.  Consider joining all columns at once using pd.concat(axis=1) instead. To get a de-fragmented frame, use `newframe = frame.copy()`
  X["clearness_x_midday"] = clearness * is_midday
E:\01\python\SdPproject\load_prediction\load_pred\features.py:342: PerformanceWarning: DataFrame is highly fragmented.  This is usually the result of calling `frame.insert` many times, which has poor performance.  Consider joining all columns at once using pd.concat(axis=1) instead. To get a de-fragmented frame, use `newframe = frame.copy()`
  X["pl_dip_96"] = pl_dip_96
E:\01\python\SdPproject\load_prediction\load_pred\features.py:343: PerformanceWarning: DataFrame is highly fragmented.  This is usually the result of calling `frame.insert` many times, which has poor performance.  Consider joining all columns at once using pd.concat(axis=1) instead. To get a de-fragmented frame, use `newframe = frame.copy()`
  X["irrad_anom_672"] = irrad_anom_672
E:\01\python\SdPproject\load_prediction\load_pred\features.py:344: PerformanceWarning: DataFrame is highly fragmented.  This is usually the result of calling `frame.insert` many times, which has poor performance.  Consider joining all columns at once using pd.concat(axis=1) instead. To get a de-fragmented frame, use `newframe = frame.copy()`
  X["pl_dip_x_irrad"] = pl_dip_96 * wth["irrad"].values
E:\01\python\SdPproject\load_prediction\load_pred\features.py:345: PerformanceWarning: DataFrame is highly fragmented.  This is usually the result of calling `frame.insert` many times, which has poor performance.  Consider joining all columns at once using pd.concat(axis=1) instead. To get a de-fragmented frame, use `newframe = frame.copy()`
  X["pl_dip_x_clearness"] = pl_dip_96 * clearness
E:\01\python\SdPproject\load_prediction\load_pred\features.py:346: PerformanceWarning: DataFrame is highly fragmented.  This is usually the result of calling `frame.insert` many times, which has poor performance.  Consider joining all columns at once using pd.concat(axis=1) instead. To get a de-fragmented frame, use `newframe = frame.copy()`
  X["pl_dip_x_midday"] = pl_dip_96 * is_midday
E:\01\python\SdPproject\load_prediction\load_pred\features.py:347: PerformanceWarning: DataFrame is highly fragmented.  This is usually the result of calling `frame.insert` many times, which has poor performance.  Consider joining all columns at once using pd.concat(axis=1) instead. To get a de-fragmented frame, use `newframe = frame.copy()`
  X["pl_x_irrad_anom"] = pl * irrad_anom_672
E:\01\python\SdPproject\load_prediction\load_pred\features.py:348: PerformanceWarning: DataFrame is highly fragmented.  This is usually the result of calling `frame.insert` many times, which has poor performance.  Consider joining all columns at once using pd.concat(axis=1) instead. To get a de-fragmented frame, use `newframe = frame.copy()`
  X["irrad_anom_x_midday"] = irrad_anom_672 * is_midday
E:\01\python\SdPproject\load_prediction\load_pred\features.py:349: PerformanceWarning: DataFrame is highly fragmented.  This is usually the result of calling `frame.insert` many times, which has poor performance.  Consider joining all columns at once using pd.concat(axis=1) instead. To get a de-fragmented frame, use `newframe = frame.copy()`
  X["pl_dip_x_clear_sky"] = pl_dip_96 * clear_sky
E:\01\python\SdPproject\load_prediction\load_pred\features.py:350: PerformanceWarning: DataFrame is highly fragmented.  This is usually the result of calling `frame.insert` many times, which has poor performance.  Consider joining all columns at once using pd.concat(axis=1) instead. To get a de-fragmented frame, use `newframe = frame.copy()`
  X["pl_dip_ratio"] = pl_dip_96 / (clear_sky + 1.0)
feats=126 train=75840
      集成成员数: 40
      集成成员数: 40
      集成成员数: 40
      集成成员数: 40
      OOF 点数=22947  hour_bias[96维] 范围=[-979, 886]
      drift_corr[pl_weather_residual] 午间β=[(11, np.float64(-0.0987)), (12, np.float64(-0.1053)), (13, np.float64(-0.0862)), (14, np.float64(-0.0787))]
      threshold_corr[clearness>0.8, h[11, 12, 13, 14]] n=1152 shift=+1086.9
      threshold_corr[precip>0.0, 全天] n=6780 shift=-358.1
      threshold_corr[temp<8.0, 全天] n=6954 shift=-577.2
      threshold_corr[clearnessrange[0.2,0.5), h[11, 12, 13, 14]] n=402 shift=-2555.0
(direct= 80, residual= 80)  val MAE=1449.20  Δ=+0.00
      集成成员数: 40
      集成成员数: 40
      集成成员数: 40
      集成成员数: 40
      OOF 点数=22947  hour_bias[96维] 范围=[-880, 468]
      drift_corr[pl_weather_residual] 午间β=[(11, np.float64(-0.0683)), (12, np.float64(-0.0667)), (13, np.float64(-0.0525)), (14, np.float64(-0.0494))]
      threshold_corr[clearness>0.8, h[11, 12, 13, 14]] n=1152 shift=+775.3
      threshold_corr[precip>0.0, 全天] n=6780 shift=-333.3
      threshold_corr[temp<8.0, 全天] n=6954 shift=-509.6
      threshold_corr[clearnessrange[0.2,0.5), h[11, 12, 13, 14]] n=402 shift=-2603.5
(direct=120, residual= 40)  val MAE=1478.40  Δ=+29.20
      集成成员数: 40
      集成成员数: 40
      集成成员数: 40
      集成成员数: 40
      OOF 点数=22947  hour_bias[96维] 范围=[-1265, 1926]
      drift_corr[pl_weather_residual] 午间β=[(11, np.float64(-0.1819)), (12, np.float64(-0.2092)), (13, np.float64(-0.1771)), (14, np.float64(-0.1603))]
      threshold_corr[clearness>0.8, h[11, 12, 13, 14]] n=1152 shift=+1959.4
      threshold_corr[precip>0.0, 全天] n=6780 shift=-424.3
      threshold_corr[temp<8.0, 全天] n=6954 shift=-729.6
      threshold_corr[clearnessrange[0.2,0.5), h[11, 12, 13, 14]] n=402 shift=-2840.9
(direct= 40, residual=120)  val MAE=1508.85  Δ=+59.66
