E:\01\python\SdPproject\load_prediction\load_pred\features.py:332: PerformanceWarning: DataFrame is highly fragmented.  This is usually the result of calling `frame.insert` many times, which has poor performance.  Consider joining all columns at once using pd.concat(axis=1) instead. To get a de-fragmented frame, use `newframe = frame.copy()`
  X["clearness_x_midday"] = clearness * is_midday
E:\01\python\SdPproject\load_prediction\load_pred\features.py:342: PerformanceWarning: DataFrame is highly fragmented.  This is usually the result of calling `frame.insert` many times, which has poor performance.  Consider joining all columns at once using pd.concat(axis=1) instead. To get a de-fragmented frame, use `newframe = frame.copy()`
  X["pl_dip_96"] = pl_dip_96
E:\01\python\SdPproject\load_prediction\load_pred\features.py:343: PerformanceWarning: DataFrame is highly fragmented.  This is usually the result of calling `frame.insert` many times, which has poor performance.  Consider joining all columns at once using pd.concat(axis=1) instead. To get a de-fragmented frame, use `newframe = frame.copy()`
  X["irrad_anom_672"] = irrad_anom_672
E:\01\python\SdPproject\load_prediction\load_pred\features.py:344: PerformanceWarning: DataFrame is highly fragmented.  This is usually the result of calling `frame.insert` many times, which has poor performance.  Consider joining all columns at once using pd.concat(axis=1) instead. To get a de-fragmented frame, use `newframe = frame.copy()`
  X["pl_dip_x_irrad"] = pl_dip_96 * wth["irrad"].values
E:\01\python\SdPproject\load_prediction\load_pred\features.py:345: PerformanceWarning: DataFrame is highly fragmented.  This is usually the result of calling `frame.insert` many times, which has poor performance.  Consider joining all columns at once using pd.concat(axis=1) instead. To get a de-fragmented frame, use `newframe = frame.copy()`
  X["pl_dip_x_clearness"] = pl_dip_96 * clearness
E:\01\python\SdPproject\load_prediction\load_pred\features.py:346: PerformanceWarning: DataFrame is highly fragmented.  This is usually the result of calling `frame.insert` many times, which has poor performance.  Consider joining all columns at once using pd.concat(axis=1) instead. To get a de-fragmented frame, use `newframe = frame.copy()`
  X["pl_dip_x_midday"] = pl_dip_96 * is_midday
E:\01\python\SdPproject\load_prediction\load_pred\features.py:347: PerformanceWarning: DataFrame is highly fragmented.  This is usually the result of calling `frame.insert` many times, which has poor performance.  Consider joining all columns at once using pd.concat(axis=1) instead. To get a de-fragmented frame, use `newframe = frame.copy()`
  X["pl_x_irrad_anom"] = pl * irrad_anom_672
E:\01\python\SdPproject\load_prediction\load_pred\features.py:348: PerformanceWarning: DataFrame is highly fragmented.  This is usually the result of calling `frame.insert` many times, which has poor performance.  Consider joining all columns at once using pd.concat(axis=1) instead. To get a de-fragmented frame, use `newframe = frame.copy()`
  X["irrad_anom_x_midday"] = irrad_anom_672 * is_midday
E:\01\python\SdPproject\load_prediction\load_pred\features.py:349: PerformanceWarning: DataFrame is highly fragmented.  This is usually the result of calling `frame.insert` many times, which has poor performance.  Consider joining all columns at once using pd.concat(axis=1) instead. To get a de-fragmented frame, use `newframe = frame.copy()`
  X["pl_dip_x_clear_sky"] = pl_dip_96 * clear_sky
E:\01\python\SdPproject\load_prediction\load_pred\features.py:350: PerformanceWarning: DataFrame is highly fragmented.  This is usually the result of calling `frame.insert` many times, which has poor performance.  Consider joining all columns at once using pd.concat(axis=1) instead. To get a de-fragmented frame, use `newframe = frame.copy()`
  X["pl_dip_ratio"] = pl_dip_96 / (clear_sky + 1.0)
CS3 多云午间校正跨年稳定性验证  特征数=110  best_it=80
固定阈值: clearness range [0.2, 0.5] @h[11, 12, 13, 14]  shrinkage=1.0 (生产值，不重搜)

--- fold=spring25  subfolds=2  train≤2025-02-28  val=03-01~05-31
      集成成员数: 40
      集成成员数: 40
      OOF 点数=17664  hour_bias[96维] 范围=[-1282, 207]
      drift_corr[pl_weather_residual] 午间β=[(11, np.float64(-0.0284)), (12, np.float64(-0.0118)), (13, np.float64(0.0092)), (14, np.float64(-0.0033))]
      threshold_corr[clearness>0.8, h[11, 12, 13, 14]] n=356 shift=+56.5
      threshold_corr[precip>0.0, 全天] n=681 shift=-212.9
      threshold_corr[temp<8.0, 全天] n=2994 shift=-91.3
      threshold_corr[clearnessrange[0.2,0.5), h[11, 12, 13, 14]] n=50 shift=-4173.7
      集成成员数: 40

--- fold=autumn25  subfolds=3  train≤2025-08-31  val=09-01~11-30
      集成成员数: 40
      集成成员数: 40
      集成成员数: 40
      OOF 点数=26496  hour_bias[96维] 范围=[-1319, 410]
      drift_corr[pl_weather_residual] 午间β=[(11, np.float64(0.0241)), (12, np.float64(-0.0002)), (13, np.float64(-0.0305)), (14, np.float64(-0.0528))]
      threshold_corr[clearness>0.8, h[11, 12, 13, 14]] n=1083 shift=+1343.8
      threshold_corr[precip>0.0, 全天] n=8719 shift=-997.1
      threshold_corr[temp<8.0, 全天] n=4399 shift=-29.5
      threshold_corr[clearnessrange[0.2,0.5), h[11, 12, 13, 14]] n=322 shift=-2159.9
      集成成员数: 40

--- fold=winter26  subfolds=3  train≤2025-12-31  val=01-01~02-28
      集成成员数: 40
      集成成员数: 40
      集成成员数: 40
      OOF 点数=26496  hour_bias[96维] 范围=[-1183, 534]
      drift_corr[pl_weather_residual] 午间β=[(11, np.float64(0.0173)), (12, np.float64(-0.0005)), (13, np.float64(-0.003)), (14, np.float64(-0.0231))]
      threshold_corr[clearness>0.8, h[11, 12, 13, 14]] n=929 shift=+1412.7
      threshold_corr[precip>0.0, 全天] n=11071 shift=-852.1
      threshold_corr[temp<8.0, 全天] n=4257 shift=+67.5
      threshold_corr[clearnessrange[0.2,0.5), h[11, 12, 13, 14]] n=552 shift=-1029.4
      集成成员数: 40

--- fold=official  subfolds=3  train≤2026-02-28  val=03-01~06-15
      集成成员数: 40
      集成成员数: 40
      集成成员数: 40
      OOF 点数=22947  hour_bias[96维] 范围=[-959, 980]
      drift_corr[pl_weather_residual] 午间β=[(11, np.float64(-0.1025)), (12, np.float64(-0.1118)), (13, np.float64(-0.0894)), (14, np.float64(-0.0806))]
      threshold_corr[clearness>0.8, h[11, 12, 13, 14]] n=1152 shift=+1133.4
      threshold_corr[precip>0.0, 全天] n=6780 shift=-280.4
      threshold_corr[temp<8.0, 全天] n=6954 shift=-519.6
      threshold_corr[clearnessrange[0.2,0.5), h[11, 12, 13, 14]] n=402 shift=-2446.5
      集成成员数: 40

==== 各折结果 ====
折           n_cn  shift_est  bias_val  base_MAE  treat_MAE        Δ
spring25     100    -4173.7   -2305.0    1988.8     1985.1     -3.7
autumn25     298    -2159.9    -575.0    1788.8     1797.8     +9.0
winter26      18    -1029.4   -3344.9    2000.5     1997.9     -2.5
official     218    -2446.5   -2642.8    1464.2     1445.6    -18.6

[Sanity] 官方折 treat_MAE=1445.62 (生产 v6≈1445.62)  base_MAE=1464.19

================ CS3 判定 ================
各折 Δ = [-3.7, 9.0, -2.5, -18.6]
内 3 折: 有益(Δ<0)=2/3  明显有害(Δ>+1)=1/3
shift_est 与 val 实际偏置同号(|shift|>50): True
结论: REJECTED 不跨年稳定--多云午间偏置在独立 held-out 折上不稳定或反向，系 val 窗偶然，不建议依赖
