E:\01\python\SdPproject\load_prediction\load_pred\features.py:332: PerformanceWarning: DataFrame is highly fragmented.  This is usually the result of calling `frame.insert` many times, which has poor performance.  Consider joining all columns at once using pd.concat(axis=1) instead. To get a de-fragmented frame, use `newframe = frame.copy()`
  X["clearness_x_midday"] = clearness * is_midday
E:\01\python\SdPproject\load_prediction\load_pred\features.py:342: PerformanceWarning: DataFrame is highly fragmented.  This is usually the result of calling `frame.insert` many times, which has poor performance.  Consider joining all columns at once using pd.concat(axis=1) instead. To get a de-fragmented frame, use `newframe = frame.copy()`
  X["pl_dip_96"] = pl_dip_96
E:\01\python\SdPproject\load_prediction\load_pred\features.py:343: PerformanceWarning: DataFrame is highly fragmented.  This is usually the result of calling `frame.insert` many times, which has poor performance.  Consider joining all columns at once using pd.concat(axis=1) instead. To get a de-fragmented frame, use `newframe = frame.copy()`
  X["irrad_anom_672"] = irrad_anom_672
E:\01\python\SdPproject\load_prediction\load_pred\features.py:344: PerformanceWarning: DataFrame is highly fragmented.  This is usually the result of calling `frame.insert` many times, which has poor performance.  Consider joining all columns at once using pd.concat(axis=1) instead. To get a de-fragmented frame, use `newframe = frame.copy()`
  X["pl_dip_x_irrad"] = pl_dip_96 * wth["irrad"].values
E:\01\python\SdPproject\load_prediction\load_pred\features.py:345: PerformanceWarning: DataFrame is highly fragmented.  This is usually the result of calling `frame.insert` many times, which has poor performance.  Consider joining all columns at once using pd.concat(axis=1) instead. To get a de-fragmented frame, use `newframe = frame.copy()`
  X["pl_dip_x_clearness"] = pl_dip_96 * clearness
E:\01\python\SdPproject\load_prediction\load_pred\features.py:346: PerformanceWarning: DataFrame is highly fragmented.  This is usually the result of calling `frame.insert` many times, which has poor performance.  Consider joining all columns at once using pd.concat(axis=1) instead. To get a de-fragmented frame, use `newframe = frame.copy()`
  X["pl_dip_x_midday"] = pl_dip_96 * is_midday
E:\01\python\SdPproject\load_prediction\load_pred\features.py:347: PerformanceWarning: DataFrame is highly fragmented.  This is usually the result of calling `frame.insert` many times, which has poor performance.  Consider joining all columns at once using pd.concat(axis=1) instead. To get a de-fragmented frame, use `newframe = frame.copy()`
  X["pl_x_irrad_anom"] = pl * irrad_anom_672
E:\01\python\SdPproject\load_prediction\load_pred\features.py:348: PerformanceWarning: DataFrame is highly fragmented.  This is usually the result of calling `frame.insert` many times, which has poor performance.  Consider joining all columns at once using pd.concat(axis=1) instead. To get a de-fragmented frame, use `newframe = frame.copy()`
  X["irrad_anom_x_midday"] = irrad_anom_672 * is_midday
E:\01\python\SdPproject\load_prediction\load_pred\features.py:349: PerformanceWarning: DataFrame is highly fragmented.  This is usually the result of calling `frame.insert` many times, which has poor performance.  Consider joining all columns at once using pd.concat(axis=1) instead. To get a de-fragmented frame, use `newframe = frame.copy()`
  X["pl_dip_x_clear_sky"] = pl_dip_96 * clear_sky
E:\01\python\SdPproject\load_prediction\load_pred\features.py:350: PerformanceWarning: DataFrame is highly fragmented.  This is usually the result of calling `frame.insert` many times, which has poor performance.  Consider joining all columns at once using pd.concat(axis=1) instead. To get a de-fragmented frame, use `newframe = frame.copy()`
  X["pl_dip_ratio"] = pl_dip_96 / (clear_sky + 1.0)
基础特征数=110  剪枝候选(5)=['pred_load_vs_mean_672', 'pred_load_roll_mean_96', 'pred_load_roll_mean_672', 'pl_x_temp', 'dayofyear']

==== Part A: 官方验证集全管线（集成 + OOF 校正）====
      集成成员数: 40
      集成成员数: 40
      集成成员数: 40
      集成成员数: 40
      OOF 点数=22947  hour_bias[96维] 范围=[-959, 980]
      drift_corr[pl_weather_residual] 午间β=[(11, np.float64(-0.1025)), (12, np.float64(-0.1118)), (13, np.float64(-0.0894)), (14, np.float64(-0.0806))]
      threshold_corr[clearness>0.8, h[11, 12, 13, 14]] n=1152 shift=+1133.4
      threshold_corr[precip>0.0, 全天] n=6780 shift=-280.4
      threshold_corr[temp<8.0, 全天] n=6954 shift=-519.6
      threshold_corr[clearnessrange[0.2,0.5), h[11, 12, 13, 14]] n=402 shift=-2446.5
      集成成员数: 40
      集成成员数: 40
      集成成员数: 40
      集成成员数: 40
      OOF 点数=22947  hour_bias[96维] 范围=[-954, 1052]
      drift_corr[pl_weather_residual] 午间β=[(11, np.float64(-0.1046)), (12, np.float64(-0.1167)), (13, np.float64(-0.0936)), (14, np.float64(-0.0843))]
      threshold_corr[clearness>0.8, h[11, 12, 13, 14]] n=1152 shift=+1243.1
      threshold_corr[precip>0.0, 全天] n=6780 shift=-276.3
      threshold_corr[temp<8.0, 全天] n=6954 shift=-541.6
      threshold_corr[clearnessrange[0.2,0.5), h[11, 12, 13, 14]] n=402 shift=-2433.5
A0 基线(全特征 n=126)        val MAE=1445.62  (生产 v6≈1445.62)
A1 剪枝(去5特征 n=121)    val MAE=1445.08  Δ=-0.54

==== Part B: 4 折 walk-forward 原始集成稳定性（无校正，就地重拟合）====
折         val_range                   base_MAE  prune_MAE        Δ
      集成成员数: 40
      集成成员数: 40
spring25  03-01~05-31                   1731.5     1784.1    +52.6
      集成成员数: 40
      集成成员数: 40
autumn25  09-01~11-30                   1606.3     1613.5     +7.2
      集成成员数: 40
      集成成员数: 40
winter26  01-01~02-28                   2049.2     2065.2    +16.0
      集成成员数: 40
      集成成员数: 40
official  03-01~06-15                   1509.1     1506.1     -3.0
Part B: 1/4 折剪枝有益(Δ<0)  最大恶化=+52.6 MW

==== Part C: 官方验证集原始集成逐特征 LOO（归属驱动特征）====
基线(原始集成) val MAE=1509.06
移除特征                             MAE        Δ
      集成成员数: 40
pred_load_vs_mean_672         1506.6     -2.4
      集成成员数: 40
pred_load_roll_mean_96        1511.8     +2.8
      集成成员数: 40
pred_load_roll_mean_672       1504.1     -4.9
      集成成员数: 40
pl_x_temp                     1508.3     -0.8
      集成成员数: 40
dayofyear                     1508.2     -0.9

================ CS1 判定 ================
Part A 全管线 Δ = -0.54 MW
Part B 各折 Δ = [52.6, 7.2, 16.0, -3.0]  稳定=False
结论: REJECTED 不稳定或有害——官方 val 置换重要性为负系偶然/过拟合，不建议采纳
