=== 验证集整体（外部预测 pred_load）===
  all                         : n=10272  MAE=1660.4  bias=+94.9  rmse=2571.4

=== 按小时（MAE 最高的时段=难点）===
 h   n    mae   bias
12 428 3553.9  -64.0
13 428 3476.8 -312.5
11 428 3316.6  -48.8
14 428 3142.5 -498.5
10 428 3126.1  -75.1
 9 428 2959.2 -121.3
15 428 2585.5 -673.6
 8 428 2337.1 -283.0
16 428 1860.9 -596.1
 7 428 1612.9  103.5
17 428 1253.5  349.4
18 428 1018.6  693.5
22 428 1012.1  260.5
 6 428  990.4  456.3
21 428  979.5  503.7
20 428  930.9  508.6
19 428  903.9  622.0
23 428  899.6  116.3
 5 428  744.6  425.1
 0 428  656.1   67.7
 1 428  648.2  146.4
 4 428  623.7  291.1
 2 428  618.1  178.3
 3 428  599.9  228.9

=== 午间 vs 非午间（11-13 时）===
  午间 11-13                    : n= 1284  MAE=3449.1  bias=-141.8  rmse=4465.2
  非午间                         : n= 8988  MAE=1404.9  bias=+128.8  rmse=2169.8

=== 阴雨（precip_p50 > 0.1）===
  阴雨                          : n=0
  非阴雨                         : n=10272  MAE=1660.4  bias=+94.9  rmse=2571.4

=== 白天多云（hour 8-16 且 irrad 低于该小时中位数）===
  白天多云                        : n=0
  白天晴                         : n= 3852  MAE=2928.7  bias=-297.0  rmse=3832.3
  夜间                          : n= 6420  MAE=899.5  bias=+330.1  rmse=1329.3

=== 午间 × 阴雨 交叉 ===
  午间&阴雨                       : n=0
  午间&非雨                       : n= 1284  MAE=3449.1  bias=-141.8  rmse=4465.2
  非午间&阴雨                      : n=0

=== 午间 × 多云 交叉 ===
  午间&多云                       : n=0
  午间&晴                        : n= 1284  MAE=3449.1  bias=-141.8  rmse=4465.2

=== 按月 ===
  月 3                         : n= 2976  MAE=1621.4  bias=-126.2  rmse=2535.6
  月 4                         : n= 2880  MAE=1514.6  bias=-66.9  rmse=2461.4
  月 5                         : n= 2976  MAE=1754.6  bias=+442.8  rmse=2760.8
  月 6                         : n= 1440  MAE=1838.1  bias=+156.7  rmse=2451.3
