[1/6] 读取数据并构造特征 ...
      特征数: 77  可训练点: 75840  [2023/02/01 00:00:00 ~ 2026/06/15 23:45:00]
[2/6] walk-forward 3 折确定 best_iter ...
      各折 best_iter=[290, 206, 168]  -> 平均 221
[3/6] 训练 LightGBM 集成 ...
      集成成员数: 40
[4/6] 全量推理 ...
[5/6] 写出 full_predictions.csv / full_mae.csv ...
[6/6] 计算官方验证集指标并保存模型 ...

================ 验证集评估 ================
  MAE: 1571.3208800623054
  RMSE: 2477.3308823631933
  R2: 0.9160442759317762
  MAPE(%): 2.652462534305464
  Bias: -166.71650895638624
  MAE_q50: 863.3250000000007
  MAE_q90: 4008.6039999999994
  MAE_q95: 5840.3984999999975
  MAE_q99: 8382.449199999997
  N_points: 10272
  val_start: 2026/03/01 00:00:00
  val_end: 2026/06/15 23:45:00
==========================================
模型已保存: E:\01\python\SdPproject\load_prediction\models\model_bundle.pkl
