E:\01\python\SdPproject\load_prediction\load_pred\features.py:332: PerformanceWarning: DataFrame is highly fragmented.  This is usually the result of calling `frame.insert` many times, which has poor performance.  Consider joining all columns at once using pd.concat(axis=1) instead. To get a de-fragmented frame, use `newframe = frame.copy()`
  X["clearness_x_midday"] = clearness * is_midday
E:\01\python\SdPproject\load_prediction\load_pred\features.py:342: PerformanceWarning: DataFrame is highly fragmented.  This is usually the result of calling `frame.insert` many times, which has poor performance.  Consider joining all columns at once using pd.concat(axis=1) instead. To get a de-fragmented frame, use `newframe = frame.copy()`
  X["pl_dip_96"] = pl_dip_96
E:\01\python\SdPproject\load_prediction\load_pred\features.py:343: PerformanceWarning: DataFrame is highly fragmented.  This is usually the result of calling `frame.insert` many times, which has poor performance.  Consider joining all columns at once using pd.concat(axis=1) instead. To get a de-fragmented frame, use `newframe = frame.copy()`
  X["irrad_anom_672"] = irrad_anom_672
E:\01\python\SdPproject\load_prediction\load_pred\features.py:344: PerformanceWarning: DataFrame is highly fragmented.  This is usually the result of calling `frame.insert` many times, which has poor performance.  Consider joining all columns at once using pd.concat(axis=1) instead. To get a de-fragmented frame, use `newframe = frame.copy()`
  X["pl_dip_x_irrad"] = pl_dip_96 * wth["irrad"].values
E:\01\python\SdPproject\load_prediction\load_pred\features.py:345: PerformanceWarning: DataFrame is highly fragmented.  This is usually the result of calling `frame.insert` many times, which has poor performance.  Consider joining all columns at once using pd.concat(axis=1) instead. To get a de-fragmented frame, use `newframe = frame.copy()`
  X["pl_dip_x_clearness"] = pl_dip_96 * clearness
E:\01\python\SdPproject\load_prediction\load_pred\features.py:346: PerformanceWarning: DataFrame is highly fragmented.  This is usually the result of calling `frame.insert` many times, which has poor performance.  Consider joining all columns at once using pd.concat(axis=1) instead. To get a de-fragmented frame, use `newframe = frame.copy()`
  X["pl_dip_x_midday"] = pl_dip_96 * is_midday
E:\01\python\SdPproject\load_prediction\load_pred\features.py:347: PerformanceWarning: DataFrame is highly fragmented.  This is usually the result of calling `frame.insert` many times, which has poor performance.  Consider joining all columns at once using pd.concat(axis=1) instead. To get a de-fragmented frame, use `newframe = frame.copy()`
  X["pl_x_irrad_anom"] = pl * irrad_anom_672
E:\01\python\SdPproject\load_prediction\load_pred\features.py:348: PerformanceWarning: DataFrame is highly fragmented.  This is usually the result of calling `frame.insert` many times, which has poor performance.  Consider joining all columns at once using pd.concat(axis=1) instead. To get a de-fragmented frame, use `newframe = frame.copy()`
  X["irrad_anom_x_midday"] = irrad_anom_672 * is_midday
E:\01\python\SdPproject\load_prediction\load_pred\features.py:349: PerformanceWarning: DataFrame is highly fragmented.  This is usually the result of calling `frame.insert` many times, which has poor performance.  Consider joining all columns at once using pd.concat(axis=1) instead. To get a de-fragmented frame, use `newframe = frame.copy()`
  X["pl_dip_x_clear_sky"] = pl_dip_96 * clear_sky
E:\01\python\SdPproject\load_prediction\load_pred\features.py:350: PerformanceWarning: DataFrame is highly fragmented.  This is usually the result of calling `frame.insert` many times, which has poor performance.  Consider joining all columns at once using pd.concat(axis=1) instead. To get a de-fragmented frame, use `newframe = frame.copy()`
  X["pl_dip_ratio"] = pl_dip_96 / (clear_sky + 1.0)
[1/6] ЖСШЁЪ§ОнВЂЙЙдьЬиеї ...
      ЬиеїЪ§: 126  ПЩбЕСЗЕу: 75840  [2023/02/01 00:00:00 ~ 2026/06/15 23:45:00]
[2/6] walk-forward 3 елШЗЖЈ best_iter ...
      (ЪЙгУЙЬЖЈ best_it_fixed=80ЃЛwalk-forward вбНћгУ)
      Иїел best_iter=[]  -> ЦНОљ 80
[3/6] бЕСЗ LightGBM МЏГЩ ...
      МЏГЩГЩдБЪ§: 40
[3.5/6] МЦЫу OOF УПаЁЪБЦЋжУаЃе§ + ЦЏвЦЗНЯђаЃе§ + уажЕГЁОАаЃе§ ...
      МЏГЩГЩдБЪ§: 40
      МЏГЩГЩдБЪ§: 40
      МЏГЩГЩдБЪ§: 40
      OOF ЕуЪ§=22947  hour_bias[96ЮЌ] ЗЖЮЇ=[-957, 837]
      drift_corr[pl_weather_residual] ЮчМфІТ=[(11, np.float64(-0.0869)), (12, np.float64(-0.092)), (13, np.float64(-0.0729)), (14, np.float64(-0.0639))]
      threshold_corr[clearness>0.8, h[11, 12, 13, 14]] n=1152 shift=+1089.0
      threshold_corr[precip>0.0, ШЋЬь] n=6780 shift=-266.2
      threshold_corr[temp<8.0, ШЋЬь] n=6954 shift=-527.8
      threshold_corr[clearnessrange[0.2,0.5), h[11, 12, 13, 14]] n=402 shift=-2520.9
[4/6] ШЋСПЭЦРэ ...
[5/6] аДГі full_predictions.csv / full_mae.csv ...
[6/6] МЦЫуЙйЗНбщжЄМЏжИБъВЂБЃДцФЃаЭ ...

================ бщжЄМЏЦРЙР ================
  MAE: 1459.0592241043614
  RMSE: 2299.7846736844413
  R2: 0.9276469856742934
  MAPE(%): 2.4524560742711548
  Bias: 26.138314836448647
  MAE_q50: 833.8750000000036
  MAE_q90: 3682.8899999999903
  MAE_q95: 5241.616999999999
  MAE_q99: 8617.4477
  N_points: 10272
  val_start: 2026/03/01 00:00:00
  val_end: 2026/06/15 23:45:00
==========================================
ФЃаЭвбБЃДц: E:\01\python\SdPproject\load_prediction\models\model_bundle.pkl
