[1/6] 读取数据并构造特征 ...
      特征数: 126  可训练点: 75840  [2023/02/01 00:00:00 ~ 2026/06/15 23:45:00]
[2/6] walk-forward 3 折确定 best_iter ...
      (使用固定 best_it_fixed=80；walk-forward 已禁用)
      各折 best_iter=[]  -> 平均 80
[3/6] 训练 LightGBM 集成 ...
      集成成员数: 40
[3.5/6] 计算 OOF 每小时偏置校正 + 漂移方向校正 ...
      集成成员数: 40
      集成成员数: 40
      集成成员数: 40
      OOF 点数=22947  hour_bias 范围=[-835, 682]
      drift_corr[pl_weather_residual] 午间β=[(11, np.float64(-0.0869)), (12, np.float64(-0.092)), (13, np.float64(-0.0729)), (14, np.float64(-0.0639))]
[4/6] 全量推理 ...
[5/6] 写出 full_predictions.csv / full_mae.csv ...
[6/6] 计算官方验证集指标并保存模型 ...

================ 验证集评估 ================
  MAE: 1512.6251314252336
  RMSE: 2372.4151277852666
  R2: 0.9230048006691056
  MAPE(%): 2.5296966160447476
  Bias: -131.18443049065408
  MAE_q50: 852.9800000000032
  MAE_q90: 3799.160000000001
  MAE_q95: 5273.691499999996
  MAE_q99: 8853.573899999978
  N_points: 10272
  val_start: 2026/03/01 00:00:00
  val_end: 2026/06/15 23:45:00
==========================================
模型已保存: E:\01\python\SdPproject\load_prediction\models\model_bundle.pkl
