== (一) 误差分布 ==
  [tbl] 01_dist_summary.csv
                   模型误差       外部预测误差
MAE         1445.621564  1660.432237
RMSE        2274.416766  2571.361623
Bias         -17.381076    94.939698
std         2274.350352  2569.608346
MAPE           2.428183     2.806761
偏度             0.320952     0.101522
峰度             5.382251     4.082695
P50|e|       823.139405   931.225000
P90|e|      3623.021668  4189.817000
P99|e|      8495.662429  8944.163600
t(Bias=0)     -0.774508     0.000000
p              0.438649     0.000000
JB统计量      12574.924436     0.000000
JB_p           0.000000     0.000000
  [tbl] 01_error_bands.csv
误差区间占比:
               占比%    对MAE贡献MW
<500    34.336059   82.024405
500-1k  22.527259  164.849195
1k-2k   20.774922  291.371376
2k-4k   13.872664  390.976590
>4k      8.489097  516.399997
  [fig] 01_hist_kde.png
  [fig] 01_qqplot.png
  [fig] 01_box_overunder.png
高估占比: 46.0%  低估占比: 54.0%
系统偏移 Bias=-17.4 MW (t=-0.8, p=4.4e-01)  长尾: 偏度=0.32 峰度=5.38
