== (二) 误差时间分析 ==
  [tbl] 02_by_hour.csv
  [tbl] 02_by_slot.csv
  [tbl] 02_by_dow.csv
  [tbl] 02_by_month.csv
  [tbl] 02_by_season.csv
  [tbl] 02_by_weekend.csv
  [tbl] 02_by_holiday.csv
按小时 MAE 范围: 559 ~ 2935 (差 2376)
最差3小时:               MAE         Bias
hour                          
11    2934.667594 -1138.579031
10    2839.028381  -320.445021
13    2812.098795   181.392821
最佳3小时:              MAE        Bias
hour                        
2     558.865998  -50.217284
4     565.848699 -101.487166
3     569.993337 -113.339967
按月:
                MAE        Bias
month                         
3      1447.487967 -393.715589
4      1260.391075 -136.208049
5      1480.541972  407.140861
6      1740.056465  120.685529
按季节:
                 MAE        Bias
season                         
夏       1740.056465  120.685529
春       1397.615873  -39.891935
工作日 vs 周末:
                     MAE        Bias
is_weekend                         
0           1409.954317 -110.566971
1           1533.063846  211.074667
节假日 vs 非:
                     MAE        Bias
is_holiday                         
0           1458.812768   -7.577145
1           1282.380409 -138.704712
  [fig] 02_temporal.png
