== (е››) е¤©ж°”жќЎд»¶е€†жћђ ==
  [tbl] 04_by_temp.csv
  [tbl] 04_by_irrad.csv
  [tbl] 04_by_precip.csv
  [tbl] 04_by_wind.csv
  [tbl] 04_by_clearness.csv
  [tbl] 04_by_cloud.csv
жЊ‰temp:
              N          MAE         Bias
temp_bin                                
<0          54   561.268273    -9.175597
0-8       1446  1614.772278  -558.304997
8-15      2540   954.981854   -61.532298
15-22     3751  1488.071770    88.890681
22-28     1811  1901.067288   239.237184
28-32      409  1617.321543    30.263902
>32         69  2517.371489  2055.362863
жЊ‰irrad:
               N          MAE        Bias
irrad_bin                               
0          4482   675.576051  -18.826555
0-200      1667  1152.443747   55.354531
200-400    1107  2295.032539  -45.260374
400-600    1005  2471.938877  273.470917
600-800    1255  2566.813866  303.545634
>800        468  2461.919437 -782.404343
жЊ‰precip:
                N          MAE        Bias
precip_bin                               
0           9845  1440.989144    3.728293
0-0.5        235  1975.141250 -340.068628
жЊ‰wind:
              N          MAE         Bias
wind_bin                                
<2          17  1246.420564  1246.420564
2-4       1538  1915.739846  -519.760809
4-6       3780  1366.256237   -76.540991
6-8       3428  1506.532192   371.245541
>8        1317  1028.290324  -188.544328
жЊ‰clearness:
               N          MAE        Bias
clear_bin                               
<0.2       5032   718.229303   13.905071
0.2-0.4     667  2124.290667  573.620650
0.4-0.6     844  2230.487393 -531.945524
0.6-0.8    1850  2139.618978  314.721487
>0.8       1430  2343.677224 -225.487100
жЊ‰cloud:
               N         MAE        Bias
cloud_bin                              
<0.2       4376  670.552097  -26.942024
0.2-0.4       2  246.774016 -246.774016
0.4-0.6       5  565.310062   77.534078
>0.8          1  113.323788  113.323788
  [fig] 04_weather.png
