E:\01\python\SdPproject\load_prediction\load_pred\features.py:332: PerformanceWarning: DataFrame is highly fragmented.  This is usually the result of calling `frame.insert` many times, which has poor performance.  Consider joining all columns at once using pd.concat(axis=1) instead. To get a de-fragmented frame, use `newframe = frame.copy()`
  X["clearness_x_midday"] = clearness * is_midday
E:\01\python\SdPproject\load_prediction\load_pred\features.py:342: PerformanceWarning: DataFrame is highly fragmented.  This is usually the result of calling `frame.insert` many times, which has poor performance.  Consider joining all columns at once using pd.concat(axis=1) instead. To get a de-fragmented frame, use `newframe = frame.copy()`
  X["pl_dip_96"] = pl_dip_96
E:\01\python\SdPproject\load_prediction\load_pred\features.py:343: PerformanceWarning: DataFrame is highly fragmented.  This is usually the result of calling `frame.insert` many times, which has poor performance.  Consider joining all columns at once using pd.concat(axis=1) instead. To get a de-fragmented frame, use `newframe = frame.copy()`
  X["irrad_anom_672"] = irrad_anom_672
E:\01\python\SdPproject\load_prediction\load_pred\features.py:344: PerformanceWarning: DataFrame is highly fragmented.  This is usually the result of calling `frame.insert` many times, which has poor performance.  Consider joining all columns at once using pd.concat(axis=1) instead. To get a de-fragmented frame, use `newframe = frame.copy()`
  X["pl_dip_x_irrad"] = pl_dip_96 * wth["irrad"].values
E:\01\python\SdPproject\load_prediction\load_pred\features.py:345: PerformanceWarning: DataFrame is highly fragmented.  This is usually the result of calling `frame.insert` many times, which has poor performance.  Consider joining all columns at once using pd.concat(axis=1) instead. To get a de-fragmented frame, use `newframe = frame.copy()`
  X["pl_dip_x_clearness"] = pl_dip_96 * clearness
E:\01\python\SdPproject\load_prediction\load_pred\features.py:346: PerformanceWarning: DataFrame is highly fragmented.  This is usually the result of calling `frame.insert` many times, which has poor performance.  Consider joining all columns at once using pd.concat(axis=1) instead. To get a de-fragmented frame, use `newframe = frame.copy()`
  X["pl_dip_x_midday"] = pl_dip_96 * is_midday
E:\01\python\SdPproject\load_prediction\load_pred\features.py:347: PerformanceWarning: DataFrame is highly fragmented.  This is usually the result of calling `frame.insert` many times, which has poor performance.  Consider joining all columns at once using pd.concat(axis=1) instead. To get a de-fragmented frame, use `newframe = frame.copy()`
  X["pl_x_irrad_anom"] = pl * irrad_anom_672
E:\01\python\SdPproject\load_prediction\load_pred\features.py:348: PerformanceWarning: DataFrame is highly fragmented.  This is usually the result of calling `frame.insert` many times, which has poor performance.  Consider joining all columns at once using pd.concat(axis=1) instead. To get a de-fragmented frame, use `newframe = frame.copy()`
  X["irrad_anom_x_midday"] = irrad_anom_672 * is_midday
E:\01\python\SdPproject\load_prediction\load_pred\features.py:349: PerformanceWarning: DataFrame is highly fragmented.  This is usually the result of calling `frame.insert` many times, which has poor performance.  Consider joining all columns at once using pd.concat(axis=1) instead. To get a de-fragmented frame, use `newframe = frame.copy()`
  X["pl_dip_x_clear_sky"] = pl_dip_96 * clear_sky
E:\01\python\SdPproject\load_prediction\load_pred\features.py:350: PerformanceWarning: DataFrame is highly fragmented.  This is usually the result of calling `frame.insert` many times, which has poor performance.  Consider joining all columns at once using pd.concat(axis=1) instead. To get a de-fragmented frame, use `newframe = frame.copy()`
  X["pl_dip_ratio"] = pl_dip_96 / (clear_sky + 1.0)
val 点数=10272  MAE=1445.62  Bias=-17.38  RMSE=2274.42
外部预测 MAE=1660.43  模型校正后改善=214.81
      集成成员数: 40
      集成成员数: 40
      集成成员数: 40
train OOF 点数=22947  MAE=1724.92  Bias=29.67
parquet failed (Unable to find a usable engine; tried using: 'pyarrow', 'fastparquet'.
A suitable version of pyarrow or fastparquet is required for parquet support.
Trying to import the above resulted in these errors:
 - `Import pyarrow` failed. pyarrow is required for parquet support. Use pip or conda to install the pyarrow package.
 - `Import fastparquet` failed. fastparquet is required for parquet support. Use pip or conda to install the fastparquet package.), saved csv
ds_prep done.
